[2023-11-26T19:38:28.254+0100] {taskinstance.py:1159} INFO - Dependencies all met for dep_context=non-requeueable deps ti=<TaskInstance: our_first_dag_v5.first_task manual__2023-11-26T18:38:25.731825+00:00 [queued]>
[2023-11-26T19:38:28.264+0100] {taskinstance.py:1159} INFO - Dependencies all met for dep_context=requeueable deps ti=<TaskInstance: our_first_dag_v5.first_task manual__2023-11-26T18:38:25.731825+00:00 [queued]>
[2023-11-26T19:38:28.264+0100] {taskinstance.py:1361} INFO - Starting attempt 1 of 2
[2023-11-26T19:38:28.278+0100] {taskinstance.py:1382} INFO - Executing <Task(BashOperator): first_task> on 2023-11-26 18:38:25.731825+00:00
[2023-11-26T19:38:28.280+0100] {standard_task_runner.py:57} INFO - Started process 13021 to run task
[2023-11-26T19:38:28.283+0100] {standard_task_runner.py:84} INFO - Running: ['airflow', 'tasks', 'run', 'our_first_dag_v5', 'first_task', 'manual__2023-11-26T18:38:25.731825+00:00', '--job-id', '7', '--raw', '--subdir', 'DAGS_FOLDER/bash_test.py', '--cfg-path', '/tmp/tmp0gknec2f']
[2023-11-26T19:38:28.284+0100] {standard_task_runner.py:85} INFO - Job 7: Subtask first_task
[2023-11-26T19:38:28.321+0100] {task_command.py:416} INFO - Running <TaskInstance: our_first_dag_v5.first_task manual__2023-11-26T18:38:25.731825+00:00 [running]> on host yzpt-Lenovo-ideapad-320S-14IKB
[2023-11-26T19:38:28.382+0100] {taskinstance.py:1662} INFO - Exporting env vars: AIRFLOW_CTX_DAG_OWNER='admin' AIRFLOW_CTX_DAG_ID='our_first_dag_v5' AIRFLOW_CTX_TASK_ID='first_task' AIRFLOW_CTX_EXECUTION_DATE='2023-11-26T18:38:25.731825+00:00' AIRFLOW_CTX_TRY_NUMBER='1' AIRFLOW_CTX_DAG_RUN_ID='manual__2023-11-26T18:38:25.731825+00:00'
[2023-11-26T19:38:28.382+0100] {subprocess.py:63} INFO - Tmp dir root location: /tmp
[2023-11-26T19:38:28.383+0100] {subprocess.py:75} INFO - Running command: ['/usr/bin/bash', '-c', '\nPROJECT_ID=carburants-dataflow\nBUCKET_URL_INPUT_FILES=gs://$PROJECT_ID-input-files\nBUCKET_URL_TEMP=gs://$PROJECT_ID-temp\nDATASET_ID=carburants_dataset\nREGION=europe-west9\n\nSUFFIXE=light\n\n# GCS input file\nINPUT_FILE_PATTERN_URL=$BUCKET_URL_INPUT_FILES/instantane_$SUFFIXE.csv\nJSON_SCHEMA_FILE=$BUCKET_URL_INPUT_FILES/table_schema_df_$SUFFIXE.json\nUDF_PATH=$BUCKET_URL_INPUT_FILES/transform_csv_$SUFFIXE.js\n\n# BQ output table\nTABLE_ID=carbu_api_test_$SUFFIXE\nBQ_OUTPUT_TABLE=$PROJECT_ID:$DATASET_ID.$TABLE_ID\n\n# temporary directories\nTEMP_BQ_LOCATION=$BUCKET_URL_TEMP/temp_dir_bq\nTEMP_DF_LOCATION=$BUCKET_URL_TEMP/temp_dir_df\n\n# dataflow job with bigquery storage API support\ngcloud dataflow flex-template run api-carbu-data-$SUFFIXE    --template-file-gcs-location gs://dataflow-templates-europe-west9/latest/flex/GCS_Text_to_BigQuery_Flex     --region $REGION     --additional-experiments {}     --parameters inputFilePattern=$INPUT_FILE_PATTERN_URL,JSONPath=$JSON_SCHEMA_FILE,outputTable=$BQ_OUTPUT_TABLE,javascriptTextTransformGcsPath=$UDF_PATH,javascriptTextTransformFunctionName=process,bigQueryLoadingTemporaryDirectory=$TEMP_BQ_LOCATION,useStorageWriteApi=true,javascriptTextTransformReloadIntervalMinutes=0\n            ']
[2023-11-26T19:38:28.388+0100] {subprocess.py:86} INFO - Output:
[2023-11-26T19:38:29.652+0100] {subprocess.py:93} INFO - job:
[2023-11-26T19:38:29.652+0100] {subprocess.py:93} INFO -   createTime: '2023-11-26T18:38:29.628174Z'
[2023-11-26T19:38:29.652+0100] {subprocess.py:93} INFO -   currentStateTime: '1970-01-01T00:00:00Z'
[2023-11-26T19:38:29.652+0100] {subprocess.py:93} INFO -   id: 2023-11-26_10_38_29-463067063866310148
[2023-11-26T19:38:29.652+0100] {subprocess.py:93} INFO -   location: europe-west9
[2023-11-26T19:38:29.652+0100] {subprocess.py:93} INFO -   name: api-carbu-data-light
[2023-11-26T19:38:29.652+0100] {subprocess.py:93} INFO -   projectId: carburants-dataflow
[2023-11-26T19:38:29.652+0100] {subprocess.py:93} INFO -   startTime: '2023-11-26T18:38:29.628174Z'
[2023-11-26T19:38:29.889+0100] {subprocess.py:97} INFO - Command exited with return code 0
[2023-11-26T19:38:29.916+0100] {taskinstance.py:1400} INFO - Marking task as SUCCESS. dag_id=our_first_dag_v5, task_id=first_task, execution_date=20231126T183825, start_date=20231126T183828, end_date=20231126T183829
[2023-11-26T19:38:29.979+0100] {local_task_job_runner.py:228} INFO - Task exited with return code 0
[2023-11-26T19:38:29.992+0100] {taskinstance.py:2778} INFO - 0 downstream tasks scheduled from follow-on schedule check
