[2023-11-26T19:45:10.305+0100] {taskinstance.py:1159} INFO - Dependencies all met for dep_context=non-requeueable deps ti=<TaskInstance: our_first_dag_v5.first_task scheduled__2023-11-26T18:40:00+00:00 [queued]>
[2023-11-26T19:45:10.310+0100] {taskinstance.py:1159} INFO - Dependencies all met for dep_context=requeueable deps ti=<TaskInstance: our_first_dag_v5.first_task scheduled__2023-11-26T18:40:00+00:00 [queued]>
[2023-11-26T19:45:10.311+0100] {taskinstance.py:1361} INFO - Starting attempt 2 of 2
[2023-11-26T19:45:10.330+0100] {taskinstance.py:1382} INFO - Executing <Task(BashOperator): first_task> on 2023-11-26 18:40:00+00:00
[2023-11-26T19:45:10.333+0100] {standard_task_runner.py:57} INFO - Started process 14090 to run task
[2023-11-26T19:45:10.336+0100] {standard_task_runner.py:84} INFO - Running: ['airflow', 'tasks', 'run', 'our_first_dag_v5', 'first_task', 'scheduled__2023-11-26T18:40:00+00:00', '--job-id', '14', '--raw', '--subdir', 'DAGS_FOLDER/bash_test.py', '--cfg-path', '/tmp/tmpvjevvxwf']
[2023-11-26T19:45:10.337+0100] {standard_task_runner.py:85} INFO - Job 14: Subtask first_task
[2023-11-26T19:45:10.365+0100] {task_command.py:416} INFO - Running <TaskInstance: our_first_dag_v5.first_task scheduled__2023-11-26T18:40:00+00:00 [running]> on host yzpt-Lenovo-ideapad-320S-14IKB
[2023-11-26T19:45:10.422+0100] {taskinstance.py:1662} INFO - Exporting env vars: AIRFLOW_CTX_DAG_OWNER='admin' AIRFLOW_CTX_DAG_ID='our_first_dag_v5' AIRFLOW_CTX_TASK_ID='first_task' AIRFLOW_CTX_EXECUTION_DATE='2023-11-26T18:40:00+00:00' AIRFLOW_CTX_TRY_NUMBER='2' AIRFLOW_CTX_DAG_RUN_ID='scheduled__2023-11-26T18:40:00+00:00'
[2023-11-26T19:45:10.423+0100] {subprocess.py:63} INFO - Tmp dir root location: /tmp
[2023-11-26T19:45:10.423+0100] {subprocess.py:75} INFO - Running command: ['/usr/bin/bash', '-c', '\nPROJECT_ID=carburants-dataflow\nBUCKET_URL_INPUT_FILES=gs://$PROJECT_ID-input-files\nBUCKET_URL_TEMP=gs://$PROJECT_ID-temp\nDATASET_ID=carburants_dataset\nREGION=europe-west9\n\nSUFFIXE=light\n\n# GCS input file\nINPUT_FILE_PATTERN_URL=$BUCKET_URL_INPUT_FILES/instantane_$SUFFIXE.csv\nJSON_SCHEMA_FILE=$BUCKET_URL_INPUT_FILES/table_schema_df_$SUFFIXE.json\nUDF_PATH=$BUCKET_URL_INPUT_FILES/transform_csv_$SUFFIXE.js\n\n# BQ output table\nTABLE_ID=carbu_api_test_$SUFFIXE\nBQ_OUTPUT_TABLE=$PROJECT_ID:$DATASET_ID.$TABLE_ID\n\n# temporary directories\nTEMP_BQ_LOCATION=$BUCKET_URL_TEMP/temp_dir_bq\nTEMP_DF_LOCATION=$BUCKET_URL_TEMP/temp_dir_df\n\necho input file:$INPUT_FILE_PATTERN_URL\necho json schema:$JSON_SCHEMA_FILE\necho udf path:$UDF_PATH\necho output table:$BQ_OUTPUT_TABLE\necho temp bq location:$TEMP_BQ_LOCATION\necho temp df location:$TEMP_DF_LOCATION\n\n# dataflow job with bigquery storage API support\ngcloud dataflow flex-template run api-carbu-data-$SUFFIXE-ahah    --template-file-gcs-location gs://dataflow-templates-europe-west9/latest/flex/GCS_Text_to_BigQuery_Flex     --region $REGION     --additional-experiments {}     --parameters inputFilePattern=$INPUT_FILE_PATTERN_URL,JSONPath=$JSON_SCHEMA_FILE,outputTable=$BQ_OUTPUT_TABLE,javascriptTextTransformGcsPath=$UDF_PATH,javascriptTextTransformFunctionName=process,bigQueryLoadingTemporaryDirectory=$TEMP_BQ_LOCATION,useStorageWriteApi=true,javascriptTextTransformReloadIntervalMinutes=0\n            ']
[2023-11-26T19:45:10.430+0100] {subprocess.py:86} INFO - Output:
[2023-11-26T19:45:10.430+0100] {subprocess.py:93} INFO - input file:gs://carburants-dataflow-input-files/instantane_light.csv
[2023-11-26T19:45:10.430+0100] {subprocess.py:93} INFO - json schema:gs://carburants-dataflow-input-files/table_schema_df_light.json
[2023-11-26T19:45:10.431+0100] {subprocess.py:93} INFO - udf path:gs://carburants-dataflow-input-files/transform_csv_light.js
[2023-11-26T19:45:10.431+0100] {subprocess.py:93} INFO - output table:carburants-dataflow:carburants_dataset.carbu_api_test_light
[2023-11-26T19:45:10.431+0100] {subprocess.py:93} INFO - temp bq location:gs://carburants-dataflow-temp/temp_dir_bq
[2023-11-26T19:45:10.431+0100] {subprocess.py:93} INFO - temp df location:gs://carburants-dataflow-temp/temp_dir_df
[2023-11-26T19:45:11.712+0100] {subprocess.py:93} INFO - ERROR: (gcloud.dataflow.flex-template.run) ALREADY_EXISTS: (52aaf61a3b132d7): There is already an active job named api-carbu-data-light-ahah. If you want to  submit a second job, try again by setting a different name.
[2023-11-26T19:45:11.862+0100] {subprocess.py:97} INFO - Command exited with return code 1
[2023-11-26T19:45:11.869+0100] {taskinstance.py:1937} ERROR - Task failed with exception
Traceback (most recent call last):
  File "/home/yzpt/projects/dataflow_carburants/venv-airflow/lib/python3.10/site-packages/airflow/operators/bash.py", line 210, in execute
    raise AirflowException(
airflow.exceptions.AirflowException: Bash command failed. The command returned a non-zero exit code 1.
[2023-11-26T19:45:11.871+0100] {taskinstance.py:1400} INFO - Marking task as FAILED. dag_id=our_first_dag_v5, task_id=first_task, execution_date=20231126T184000, start_date=20231126T184510, end_date=20231126T184511
[2023-11-26T19:45:11.886+0100] {standard_task_runner.py:104} ERROR - Failed to execute job 14 for task first_task (Bash command failed. The command returned a non-zero exit code 1.; 14090)
[2023-11-26T19:45:11.913+0100] {local_task_job_runner.py:228} INFO - Task exited with return code 1
[2023-11-26T19:45:11.930+0100] {taskinstance.py:2778} INFO - 0 downstream tasks scheduled from follow-on schedule check
